::1 - - [16/May/2017:06:04:00 +0000] "POST /api/users/addUser HTTP/1.1" 404 31 "-" "Mozilla/5.0 (Windows NT 10.0; Win64; x64) AppleWebKit/537.36 (KHTML, like Gecko) Chrome/57.0.2987.133 Safari/537.36"
::1 - - [16/May/2017:06:04:42 +0000] "POST /api/users/addUser HTTP/1.1" 500 73 "-" "Mozilla/5.0 (Windows NT 10.0; Win64; x64) AppleWebKit/537.36 (KHTML, like Gecko) Chrome/57.0.2987.133 Safari/537.36"
::1 - - [16/May/2017:06:08:33 +0000] "POST /api/users/addUser HTTP/1.1" - - "-" "Mozilla/5.0 (Windows NT 10.0; Win64; x64) AppleWebKit/537.36 (KHTML, like Gecko) Chrome/57.0.2987.133 Safari/537.36"
::1 - - [16/May/2017:06:11:21 +0000] "POST /api/users/addUser HTTP/1.1" - - "-" "Mozilla/5.0 (Windows NT 10.0; Win64; x64) AppleWebKit/537.36 (KHTML, like Gecko) Chrome/57.0.2987.133 Safari/537.36"
::1 - - [16/May/2017:06:32:43 +0000] "POST /api/users/addUser HTTP/1.1" 200 432 "-" "Mozilla/5.0 (Windows NT 10.0; Win64; x64) AppleWebKit/537.36 (KHTML, like Gecko) Chrome/57.0.2987.133 Safari/537.36"
::1 - - [16/May/2017:06:33:31 +0000] "POST /api/users/addUser HTTP/1.1" - - "-" "Mozilla/5.0 (Windows NT 10.0; Win64; x64) AppleWebKit/537.36 (KHTML, like Gecko) Chrome/57.0.2987.133 Safari/537.36"
::1 - - [16/May/2017:06:34:56 +0000] "POST /api/users/addUser HTTP/1.1" - - "-" "Mozilla/5.0 (Windows NT 10.0; Win64; x64) AppleWebKit/537.36 (KHTML, like Gecko) Chrome/57.0.2987.133 Safari/537.36"
::1 - - [16/May/2017:06:34:57 +0000] "POST /api/users/addUser HTTP/1.1" 200 420 "-" "Mozilla/5.0 (Windows NT 10.0; Win64; x64) AppleWebKit/537.36 (KHTML, like Gecko) Chrome/57.0.2987.133 Safari/537.36"
::1 - - [16/May/2017:06:40:40 +0000] "POST /api/users/addUser HTTP/1.1" 200 468 "-" "Mozilla/5.0 (Windows NT 10.0; Win64; x64) AppleWebKit/537.36 (KHTML, like Gecko) Chrome/57.0.2987.133 Safari/537.36"
::1 - - [16/May/2017:06:41:59 +0000] "POST /api/users/addUser HTTP/1.1" 500 63 "-" "Mozilla/5.0 (Windows NT 10.0; Win64; x64) AppleWebKit/537.36 (KHTML, like Gecko) Chrome/57.0.2987.133 Safari/537.36"
::1 - - [16/May/2017:06:43:34 +0000] "POST /api/users/addUser HTTP/1.1" 200 466 "-" "Mozilla/5.0 (Windows NT 10.0; Win64; x64) AppleWebKit/537.36 (KHTML, like Gecko) Chrome/57.0.2987.133 Safari/537.36"
::1 - - [16/May/2017:06:43:55 +0000] "POST /api/users/addUser HTTP/1.1" 200 481 "-" "Mozilla/5.0 (Windows NT 10.0; Win64; x64) AppleWebKit/537.36 (KHTML, like Gecko) Chrome/57.0.2987.133 Safari/537.36"
::1 - - [16/May/2017:08:45:33 +0000] "POST /api/users/addUser HTTP/1.1" 200 466 "-" "Mozilla/5.0 (Windows NT 10.0; Win64; x64) AppleWebKit/537.36 (KHTML, like Gecko) Chrome/57.0.2987.133 Safari/537.36"
::1 - - [16/May/2017:09:17:36 +0000] "POST /api/stockarea/updateproducts HTTP/1.1" 404 42 "-" "Mozilla/5.0 (Windows NT 10.0; Win64; x64) AppleWebKit/537.36 (KHTML, like Gecko) Chrome/57.0.2987.133 Safari/537.36"
::1 - - [16/May/2017:09:21:15 +0000] "POST /api/stockarea/updateproducts HTTP/1.1" 500 61 "-" "Mozilla/5.0 (Windows NT 10.0; Win64; x64) AppleWebKit/537.36 (KHTML, like Gecko) Chrome/57.0.2987.133 Safari/537.36"
::1 - - [16/May/2017:09:22:21 +0000] "POST /api/stockarea/updateproducts HTTP/1.1" 500 61 "-" "Mozilla/5.0 (Windows NT 10.0; Win64; x64) AppleWebKit/537.36 (KHTML, like Gecko) Chrome/57.0.2987.133 Safari/537.36"
::1 - - [16/May/2017:09:36:27 +0000] "POST /api/stockarea/updateproducts HTTP/1.1" 500 56 "-" "Mozilla/5.0 (Windows NT 10.0; Win64; x64) AppleWebKit/537.36 (KHTML, like Gecko) Chrome/57.0.2987.133 Safari/537.36"
::1 - - [16/May/2017:09:37:20 +0000] "POST /api/stockarea/updateproducts HTTP/1.1" 500 61 "-" "Mozilla/5.0 (Windows NT 10.0; Win64; x64) AppleWebKit/537.36 (KHTML, like Gecko) Chrome/57.0.2987.133 Safari/537.36"
::1 - - [16/May/2017:09:37:52 +0000] "POST /api/stockarea/updateproducts HTTP/1.1" 500 59 "-" "Mozilla/5.0 (Windows NT 10.0; Win64; x64) AppleWebKit/537.36 (KHTML, like Gecko) Chrome/57.0.2987.133 Safari/537.36"
::1 - - [16/May/2017:09:40:30 +0000] "POST /api/stockarea/updateproducts HTTP/1.1" 500 56 "-" "Mozilla/5.0 (Windows NT 10.0; Win64; x64) AppleWebKit/537.36 (KHTML, like Gecko) Chrome/57.0.2987.133 Safari/537.36"
::1 - - [16/May/2017:09:42:42 +0000] "POST /api/stockarea/updateproducts HTTP/1.1" 500 56 "-" "Mozilla/5.0 (Windows NT 10.0; Win64; x64) AppleWebKit/537.36 (KHTML, like Gecko) Chrome/57.0.2987.133 Safari/537.36"
::1 - - [16/May/2017:09:44:06 +0000] "POST /api/stockarea/updateproducts HTTP/1.1" 500 59 "-" "Mozilla/5.0 (Windows NT 10.0; Win64; x64) AppleWebKit/537.36 (KHTML, like Gecko) Chrome/57.0.2987.133 Safari/537.36"
::1 - - [16/May/2017:09:45:35 +0000] "POST /api/stockarea/updateproducts HTTP/1.1" 500 59 "-" "Mozilla/5.0 (Windows NT 10.0; Win64; x64) AppleWebKit/537.36 (KHTML, like Gecko) Chrome/57.0.2987.133 Safari/537.36"
::1 - - [16/May/2017:09:45:50 +0000] "POST /api/stockarea/updateproducts HTTP/1.1" 500 59 "-" "Mozilla/5.0 (Windows NT 10.0; Win64; x64) AppleWebKit/537.36 (KHTML, like Gecko) Chrome/57.0.2987.133 Safari/537.36"
::1 - - [16/May/2017:09:46:25 +0000] "POST /api/stockarea/updateproducts HTTP/1.1" 500 59 "-" "Mozilla/5.0 (Windows NT 10.0; Win64; x64) AppleWebKit/537.36 (KHTML, like Gecko) Chrome/57.0.2987.133 Safari/537.36"
::1 - - [16/May/2017:09:55:26 +0000] "POST /api/stockarea/updateproducts HTTP/1.1" 200 84 "-" "Mozilla/5.0 (Windows NT 10.0; Win64; x64) AppleWebKit/537.36 (KHTML, like Gecko) Chrome/57.0.2987.133 Safari/537.36"
::1 - - [17/May/2017:10:50:53 +0000] "POST /api/stockarea/updateproducts HTTP/1.1" 200 84 "-" "Mozilla/5.0 (Windows NT 10.0; Win64; x64) AppleWebKit/537.36 (KHTML, like Gecko) Chrome/58.0.3029.110 Safari/537.36"
::1 - - [17/May/2017:10:52:23 +0000] "GET /api/stockarea/product/getproductinfoforstockarea?stockareaId=54454514 HTTP/1.1" 200 84 "-" "Mozilla/5.0 (Windows NT 10.0; Win64; x64) AppleWebKit/537.36 (KHTML, like Gecko) Chrome/58.0.3029.110 Safari/537.36"
::1 - - [17/May/2017:10:52:31 +0000] "GET /api/stockarea/product/getproductinfoforstockarea?stockareaId=54454514 HTTP/1.1" 200 84 "-" "Mozilla/5.0 (Windows NT 10.0; Win64; x64) AppleWebKit/537.36 (KHTML, like Gecko) Chrome/58.0.3029.110 Safari/537.36"
::1 - - [17/May/2017:10:52:32 +0000] "GET /api/stockarea/product/getproductinfoforstockarea?stockareaId=54454514 HTTP/1.1" 200 84 "-" "Mozilla/5.0 (Windows NT 10.0; Win64; x64) AppleWebKit/537.36 (KHTML, like Gecko) Chrome/58.0.3029.110 Safari/537.36"
::1 - - [17/May/2017:10:52:33 +0000] "GET /api/stockarea/product/getproductinfoforstockarea?stockareaId=54454514 HTTP/1.1" 200 84 "-" "Mozilla/5.0 (Windows NT 10.0; Win64; x64) AppleWebKit/537.36 (KHTML, like Gecko) Chrome/58.0.3029.110 Safari/537.36"
::1 - - [17/May/2017:10:52:34 +0000] "GET /api/stockarea/product/getproductinfoforstockarea?stockareaId=54454514 HTTP/1.1" 200 84 "-" "Mozilla/5.0 (Windows NT 10.0; Win64; x64) AppleWebKit/537.36 (KHTML, like Gecko) Chrome/58.0.3029.110 Safari/537.36"
::1 - - [17/May/2017:10:52:35 +0000] "GET /api/stockarea/product/getproductinfoforstockarea?stockareaId=54454514 HTTP/1.1" 200 84 "-" "Mozilla/5.0 (Windows NT 10.0; Win64; x64) AppleWebKit/537.36 (KHTML, like Gecko) Chrome/58.0.3029.110 Safari/537.36"
::1 - - [17/May/2017:10:53:37 +0000] "GET /api/stockarea/product/getproductinfoforstockarea?stockareaId=54454514 HTTP/1.1" 200 0 "-" "Mozilla/5.0 (Windows NT 10.0; Win64; x64) AppleWebKit/537.36 (KHTML, like Gecko) Chrome/58.0.3029.110 Safari/537.36"
::1 - - [17/May/2017:11:34:22 +0000] "GET /api/stockarea/product/getproductinfoforstockarea?stockareaId=54454514 HTTP/1.1" 200 0 "-" "Mozilla/5.0 (Windows NT 10.0; Win64; x64) AppleWebKit/537.36 (KHTML, like Gecko) Chrome/58.0.3029.110 Safari/537.36"
::1 - - [17/May/2017:11:34:23 +0000] "POST /api/stockarea/updateproducts HTTP/1.1" 200 84 "-" "Mozilla/5.0 (Windows NT 10.0; Win64; x64) AppleWebKit/537.36 (KHTML, like Gecko) Chrome/58.0.3029.110 Safari/537.36"
::1 - - [18/May/2017:05:13:16 +0000] "POST /api/stockarea/addstockarea HTTP/1.1" 500 80 "-" "Mozilla/5.0 (Windows NT 10.0; Win64; x64) AppleWebKit/537.36 (KHTML, like Gecko) Chrome/58.0.3029.110 Safari/537.36"
::1 - - [18/May/2017:05:23:17 +0000] "POST /api/stockarea/addstockarea HTTP/1.1" 200 380 "-" "Mozilla/5.0 (Windows NT 10.0; Win64; x64) AppleWebKit/537.36 (KHTML, like Gecko) Chrome/58.0.3029.110 Safari/537.36"
::1 - - [18/May/2017:05:33:15 +0000] "POST /api/stockarea/updateproducts HTTP/1.1" 200 107 "-" "Mozilla/5.0 (Windows NT 10.0; Win64; x64) AppleWebKit/537.36 (KHTML, like Gecko) Chrome/58.0.3029.110 Safari/537.36"
::1 - - [18/May/2017:05:39:25 +0000] "POST /api/stockarea/updateproducts HTTP/1.1" 200 106 "-" "Mozilla/5.0 (Windows NT 10.0; Win64; x64) AppleWebKit/537.36 (KHTML, like Gecko) Chrome/58.0.3029.110 Safari/537.36"
::1 - - [18/May/2017:05:41:49 +0000] "POST /api/stockarea/updateproducts HTTP/1.1" 200 106 "-" "Mozilla/5.0 (Windows NT 10.0; Win64; x64) AppleWebKit/537.36 (KHTML, like Gecko) Chrome/58.0.3029.110 Safari/537.36"
::1 - - [18/May/2017:05:44:18 +0000] "POST /api/stockarea/updateproducts HTTP/1.1" 200 106 "-" "Mozilla/5.0 (Windows NT 10.0; Win64; x64) AppleWebKit/537.36 (KHTML, like Gecko) Chrome/58.0.3029.110 Safari/537.36"
::1 - - [18/May/2017:05:45:20 +0000] "POST /api/stockarea/updateproducts HTTP/1.1" 200 106 "-" "Mozilla/5.0 (Windows NT 10.0; Win64; x64) AppleWebKit/537.36 (KHTML, like Gecko) Chrome/58.0.3029.110 Safari/537.36"
::1 - - [18/May/2017:05:46:52 +0000] "POST /api/stockarea/updateproducts HTTP/1.1" 200 106 "-" "Mozilla/5.0 (Windows NT 10.0; Win64; x64) AppleWebKit/537.36 (KHTML, like Gecko) Chrome/58.0.3029.110 Safari/537.36"
::1 - - [18/May/2017:05:59:45 +0000] "POST /api/stockarea/updateproducts HTTP/1.1" 200 106 "-" "Mozilla/5.0 (Windows NT 10.0; Win64; x64) AppleWebKit/537.36 (KHTML, like Gecko) Chrome/58.0.3029.110 Safari/537.36"
::1 - - [18/May/2017:06:00:21 +0000] "POST /api/stockarea/updateproducts HTTP/1.1" 200 106 "-" "Mozilla/5.0 (Windows NT 10.0; Win64; x64) AppleWebKit/537.36 (KHTML, like Gecko) Chrome/58.0.3029.110 Safari/537.36"
::1 - - [18/May/2017:06:00:58 +0000] "POST /api/stockarea/updateproducts HTTP/1.1" 200 106 "-" "Mozilla/5.0 (Windows NT 10.0; Win64; x64) AppleWebKit/537.36 (KHTML, like Gecko) Chrome/58.0.3029.110 Safari/537.36"
::1 - - [18/May/2017:06:03:37 +0000] "POST /api/stockarea/updateproducts HTTP/1.1" 200 106 "-" "Mozilla/5.0 (Windows NT 10.0; Win64; x64) AppleWebKit/537.36 (KHTML, like Gecko) Chrome/58.0.3029.110 Safari/537.36"
::1 - - [18/May/2017:06:06:04 +0000] "POST /api/stockarea/updateproducts HTTP/1.1" 200 106 "-" "Mozilla/5.0 (Windows NT 10.0; Win64; x64) AppleWebKit/537.36 (KHTML, like Gecko) Chrome/58.0.3029.110 Safari/537.36"
::1 - - [18/May/2017:06:07:05 +0000] "POST /api/stockarea/updateproducts HTTP/1.1" 200 106 "-" "Mozilla/5.0 (Windows NT 10.0; Win64; x64) AppleWebKit/537.36 (KHTML, like Gecko) Chrome/58.0.3029.110 Safari/537.36"
::1 - - [18/May/2017:06:08:15 +0000] "POST /api/stockarea/updateproducts HTTP/1.1" 200 106 "-" "Mozilla/5.0 (Windows NT 10.0; Win64; x64) AppleWebKit/537.36 (KHTML, like Gecko) Chrome/58.0.3029.110 Safari/537.36"
::1 - - [18/May/2017:06:10:01 +0000] "POST /api/stockarea/updateproducts HTTP/1.1" 200 106 "-" "Mozilla/5.0 (Windows NT 10.0; Win64; x64) AppleWebKit/537.36 (KHTML, like Gecko) Chrome/58.0.3029.110 Safari/537.36"
::1 - - [18/May/2017:06:11:20 +0000] "POST /api/stockarea/updateproducts HTTP/1.1" 200 106 "-" "Mozilla/5.0 (Windows NT 10.0; Win64; x64) AppleWebKit/537.36 (KHTML, like Gecko) Chrome/58.0.3029.110 Safari/537.36"
::1 - - [18/May/2017:06:12:08 +0000] "POST /api/stockarea/updateproducts HTTP/1.1" 200 106 "-" "Mozilla/5.0 (Windows NT 10.0; Win64; x64) AppleWebKit/537.36 (KHTML, like Gecko) Chrome/58.0.3029.110 Safari/537.36"
::1 - - [18/May/2017:06:18:22 +0000] "POST /api/stockarea/updateproducts HTTP/1.1" 500 65 "-" "Mozilla/5.0 (Windows NT 10.0; Win64; x64) AppleWebKit/537.36 (KHTML, like Gecko) Chrome/58.0.3029.110 Safari/537.36"
::1 - - [18/May/2017:06:18:49 +0000] "POST /api/stockarea/updateproducts HTTP/1.1" 500 65 "-" "Mozilla/5.0 (Windows NT 10.0; Win64; x64) AppleWebKit/537.36 (KHTML, like Gecko) Chrome/58.0.3029.110 Safari/537.36"
::1 - - [18/May/2017:06:19:35 +0000] "POST /api/stockarea/updateproducts HTTP/1.1" 500 64 "-" "Mozilla/5.0 (Windows NT 10.0; Win64; x64) AppleWebKit/537.36 (KHTML, like Gecko) Chrome/58.0.3029.110 Safari/537.36"
::1 - - [18/May/2017:06:20:18 +0000] "POST /api/stockarea/updateproducts HTTP/1.1" 500 56 "-" "Mozilla/5.0 (Windows NT 10.0; Win64; x64) AppleWebKit/537.36 (KHTML, like Gecko) Chrome/58.0.3029.110 Safari/537.36"
::1 - - [18/May/2017:06:21:04 +0000] "POST /api/stockarea/updateproducts HTTP/1.1" 500 73 "-" "Mozilla/5.0 (Windows NT 10.0; Win64; x64) AppleWebKit/537.36 (KHTML, like Gecko) Chrome/58.0.3029.110 Safari/537.36"
::1 - - [18/May/2017:06:22:43 +0000] "POST /api/stockarea/updateproducts HTTP/1.1" 500 73 "-" "Mozilla/5.0 (Windows NT 10.0; Win64; x64) AppleWebKit/537.36 (KHTML, like Gecko) Chrome/58.0.3029.110 Safari/537.36"
::1 - - [18/May/2017:06:23:28 +0000] "POST /api/stockarea/updateproducts HTTP/1.1" 500 73 "-" "Mozilla/5.0 (Windows NT 10.0; Win64; x64) AppleWebKit/537.36 (KHTML, like Gecko) Chrome/58.0.3029.110 Safari/537.36"
::1 - - [18/May/2017:06:27:59 +0000] "POST /api/stockarea/updateproducts HTTP/1.1" 500 75 "-" "Mozilla/5.0 (Windows NT 10.0; Win64; x64) AppleWebKit/537.36 (KHTML, like Gecko) Chrome/58.0.3029.110 Safari/537.36"
::1 - - [18/May/2017:06:28:27 +0000] "POST /api/sell/addsell HTTP/1.1" 500 70 "-" "Mozilla/5.0 (Windows NT 10.0; Win64; x64) AppleWebKit/537.36 (KHTML, like Gecko) Chrome/58.0.3029.110 Safari/537.36"
::1 - - [18/May/2017:06:28:55 +0000] "POST /api/sell/addsell HTTP/1.1" 200 351 "-" "Mozilla/5.0 (Windows NT 10.0; Win64; x64) AppleWebKit/537.36 (KHTML, like Gecko) Chrome/58.0.3029.110 Safari/537.36"
::1 - - [18/May/2017:06:30:33 +0000] "POST /api/sell/addsell HTTP/1.1" 200 374 "-" "Mozilla/5.0 (Windows NT 10.0; Win64; x64) AppleWebKit/537.36 (KHTML, like Gecko) Chrome/58.0.3029.110 Safari/537.36"
::1 - - [18/May/2017:06:31:37 +0000] "POST /api/sell/addsell HTTP/1.1" 200 430 "-" "Mozilla/5.0 (Windows NT 10.0; Win64; x64) AppleWebKit/537.36 (KHTML, like Gecko) Chrome/58.0.3029.110 Safari/537.36"
::1 - - [18/May/2017:06:32:07 +0000] "POST /api/sell/addsell HTTP/1.1" 200 594 "-" "Mozilla/5.0 (Windows NT 10.0; Win64; x64) AppleWebKit/537.36 (KHTML, like Gecko) Chrome/58.0.3029.110 Safari/537.36"
::1 - - [18/May/2017:06:33:33 +0000] "POST /api/sell/addsell HTTP/1.1" 200 596 "-" "Mozilla/5.0 (Windows NT 10.0; Win64; x64) AppleWebKit/537.36 (KHTML, like Gecko) Chrome/58.0.3029.110 Safari/537.36"
::1 - - [18/May/2017:06:35:55 +0000] "POST /api/order/addorder HTTP/1.1" 500 72 "-" "Mozilla/5.0 (Windows NT 10.0; Win64; x64) AppleWebKit/537.36 (KHTML, like Gecko) Chrome/58.0.3029.110 Safari/537.36"
::1 - - [18/May/2017:06:37:05 +0000] "POST /api/order/addorder HTTP/1.1" 200 473 "-" "Mozilla/5.0 (Windows NT 10.0; Win64; x64) AppleWebKit/537.36 (KHTML, like Gecko) Chrome/58.0.3029.110 Safari/537.36"
::1 - - [18/May/2017:06:38:27 +0000] "POST /api/order/addorder HTTP/1.1" 200 528 "-" "Mozilla/5.0 (Windows NT 10.0; Win64; x64) AppleWebKit/537.36 (KHTML, like Gecko) Chrome/58.0.3029.110 Safari/537.36"
::1 - - [18/May/2017:06:44:57 +0000] "POST /api/stockarea/getstockareas HTTP/1.1" 404 41 "-" "Mozilla/5.0 (Windows NT 10.0; Win64; x64) AppleWebKit/537.36 (KHTML, like Gecko) Chrome/58.0.3029.110 Safari/537.36"
::1 - - [18/May/2017:06:45:09 +0000] "GET /api/stockarea/getstockareas?userId=055912d0-3a14-11e7-ac9b-6760e6aa9e6c HTTP/1.1" 200 385 "-" "Mozilla/5.0 (Windows NT 10.0; Win64; x64) AppleWebKit/537.36 (KHTML, like Gecko) Chrome/58.0.3029.110 Safari/537.36"
::1 - - [18/May/2017:06:46:38 +0000] "GET /api/product/getproductinfoforstockarea?userId=055912d0-3a14-11e7-ac9b-6760e6aa9e6c&stockareaId=198a7740-3b8a-11e7-9faf-6bbe2c9d67a3&productId=45632185415 HTTP/1.1" 404 112 "-" "Mozilla/5.0 (Windows NT 10.0; Win64; x64) AppleWebKit/537.36 (KHTML, like Gecko) Chrome/58.0.3029.110 Safari/537.36"
::1 - - [18/May/2017:06:48:45 +0000] "GET /api/product/getproductinfoforstockarea?userId=055912d0-3a14-11e7-ac9b-6760e6aa9e6c&stockareaId=198a7740-3b8a-11e7-9faf-6bbe2c9d67a3&productId=45632185415 HTTP/1.1" 404 112 "-" "Mozilla/5.0 (Windows NT 10.0; Win64; x64) AppleWebKit/537.36 (KHTML, like Gecko) Chrome/58.0.3029.110 Safari/537.36"
::1 - - [18/May/2017:06:49:53 +0000] "GET /api/stockarea/getproductinfoforstockarea?userId=055912d0-3a14-11e7-ac9b-6760e6aa9e6c&stockareaId=198a7740-3b8a-11e7-9faf-6bbe2c9d67a3&productId=45632185415 HTTP/1.1" 200 383 "-" "Mozilla/5.0 (Windows NT 10.0; Win64; x64) AppleWebKit/537.36 (KHTML, like Gecko) Chrome/58.0.3029.110 Safari/537.36"
::1 - - [18/May/2017:06:51:41 +0000] "GET /api/stockarea/getproductinfoforstockarea?userId=055912d0-3a14-11e7-ac9b-6760e6aa9e6c&stockareaId=198a7740-3b8a-11e7-9faf-6bbe2c9d67a3&productId=45632185415 HTTP/1.1" 200 671 "-" "Mozilla/5.0 (Windows NT 10.0; Win64; x64) AppleWebKit/537.36 (KHTML, like Gecko) Chrome/58.0.3029.110 Safari/537.36"
::1 - - [18/May/2017:06:53:14 +0000] "GET /api/stockarea/getproductinfoforstockarea?userId=055912d0-3a14-11e7-ac9b-6760e6aa9e6c&stockareaId=198a7740-3b8a-11e7-9faf-6bbe2c9d67a3&productId=45632185415 HTTP/1.1" 200 1387 "-" "Mozilla/5.0 (Windows NT 10.0; Win64; x64) AppleWebKit/537.36 (KHTML, like Gecko) Chrome/58.0.3029.110 Safari/537.36"
::1 - - [18/May/2017:06:57:31 +0000] "GET /api/stockarea/getproductsofstockarea?userId=055912d0-3a14-11e7-ac9b-6760e6aa9e6c&stockareaId=198a7740-3b8a-11e7-9faf-6bbe2c9d67a3&productId=45632185415 HTTP/1.1" 200 957 "-" "Mozilla/5.0 (Windows NT 10.0; Win64; x64) AppleWebKit/537.36 (KHTML, like Gecko) Chrome/58.0.3029.110 Safari/537.36"
::1 - - [18/May/2017:06:58:33 +0000] "GET /api/stockarea/getproductinfoforstockarea?userId=055912d0-3a14-11e7-ac9b-6760e6aa9e6c&stockareaId=198a7740-3b8a-11e7-9faf-6bbe2c9d67a3&productId=45632185415 HTTP/1.1" 200 936 "-" "Mozilla/5.0 (Windows NT 10.0; Win64; x64) AppleWebKit/537.36 (KHTML, like Gecko) Chrome/58.0.3029.110 Safari/537.36"
::1 - - [18/May/2017:07:00:58 +0000] "GET /api/stockarea/getproductinfoforstockarea?userId=055912d0-3a14-11e7-ac9b-6760e6aa9e6c&stockareaId=198a7740-3b8a-11e7-9faf-6bbe2c9d67a3&productId=45632185415 HTTP/1.1" 200 1151 "-" "Mozilla/5.0 (Windows NT 10.0; Win64; x64) AppleWebKit/537.36 (KHTML, like Gecko) Chrome/58.0.3029.110 Safari/537.36"
::1 - - [18/May/2017:07:11:58 +0000] "GET /api/stockarea/getproductinfoforstockarea?userId=055912d0-3a14-11e7-ac9b-6760e6aa9e6c&stockareaId=198a7740-3b8a-11e7-9faf-6bbe2c9d67a3&productId=45632185415 HTTP/1.1" 200 1151 "-" "Mozilla/5.0 (Windows NT 10.0; Win64; x64) AppleWebKit/537.36 (KHTML, like Gecko) Chrome/58.0.3029.110 Safari/537.36"
::1 - - [18/May/2017:07:13:02 +0000] "GET /api/stockarea/getproductinfoforstockarea?userId=055912d0-3a14-11e7-ac9b-6760e6aa9e6c&stockareaId=198a7740-3b8a-11e7-9faf-6bbe2c9d67a3&productId=45632185415 HTTP/1.1" 200 874 "-" "Mozilla/5.0 (Windows NT 10.0; Win64; x64) AppleWebKit/537.36 (KHTML, like Gecko) Chrome/58.0.3029.110 Safari/537.36"
::1 - - [18/May/2017:07:13:28 +0000] "GET /api/stockarea/getproductinfoforstockarea?userId=055912d0-3a14-11e7-ac9b-6760e6aa9e6c&stockareaId=198a7740-3b8a-11e7-9faf-6bbe2c9d67a3&productId=45632185415 HTTP/1.1" 200 874 "-" "Mozilla/5.0 (Windows NT 10.0; Win64; x64) AppleWebKit/537.36 (KHTML, like Gecko) Chrome/58.0.3029.110 Safari/537.36"
::1 - - [18/May/2017:07:14:10 +0000] "GET /api/stockarea/getproductsofstockarea?userId=055912d0-3a14-11e7-ac9b-6760e6aa9e6c&stockareaId=198a7740-3b8a-11e7-9faf-6bbe2c9d67a3&productId=45632185415 HTTP/1.1" 200 957 "-" "Mozilla/5.0 (Windows NT 10.0; Win64; x64) AppleWebKit/537.36 (KHTML, like Gecko) Chrome/58.0.3029.110 Safari/537.36"
::1 - - [18/May/2017:07:14:38 +0000] "GET /api/stockarea/getproductsofstockarea?userId=055912d0-3a14-11e7-ac9b-6760e6aa9e6c&stockareaId=198a7740-3b8a-11e7-9faf-6bbe2c9d67a3&productId=45632185415 HTTP/1.1" 200 1387 "-" "Mozilla/5.0 (Windows NT 10.0; Win64; x64) AppleWebKit/537.36 (KHTML, like Gecko) Chrome/58.0.3029.110 Safari/537.36"
::1 - - [18/May/2017:07:15:22 +0000] "GET /api/orders/getordersofstockarea?userId=055912d0-3a14-11e7-ac9b-6760e6aa9e6c&stockareaId=198a7740-3b8a-11e7-9faf-6bbe2c9d67a3&productId=45632185415 HTTP/1.1" 404 112 "-" "Mozilla/5.0 (Windows NT 10.0; Win64; x64) AppleWebKit/537.36 (KHTML, like Gecko) Chrome/58.0.3029.110 Safari/537.36"
::1 - - [18/May/2017:07:20:49 +0000] "GET /api/orders/getordersofstockarea?userId=055912d0-3a14-11e7-ac9b-6760e6aa9e6c&stockareaId=198a7740-3b8a-11e7-9faf-6bbe2c9d67a3&productId=45632185415 HTTP/1.1" 200 76 "-" "Mozilla/5.0 (Windows NT 10.0; Win64; x64) AppleWebKit/537.36 (KHTML, like Gecko) Chrome/58.0.3029.110 Safari/537.36"
::1 - - [18/May/2017:07:22:20 +0000] "GET /api/orders/getordersofstockarea?userId=055912d0-3a14-11e7-ac9b-6760e6aa9e6c&stockareaId=198a7740-3b8a-11e7-9faf-6bbe2c9d67a3&productId=45632185415 HTTP/1.1" 200 35 "-" "Mozilla/5.0 (Windows NT 10.0; Win64; x64) AppleWebKit/537.36 (KHTML, like Gecko) Chrome/58.0.3029.110 Safari/537.36"
::1 - - [18/May/2017:07:22:53 +0000] "GET /api/orders/getordersofstockarea?userId=055912d0-3a14-11e7-ac9b-6760e6aa9e6c&stockareaId=198a7740-3b8a-11e7-9faf-6bbe2c9d67a3&productId=45632185415 HTTP/1.1" 200 35 "-" "Mozilla/5.0 (Windows NT 10.0; Win64; x64) AppleWebKit/537.36 (KHTML, like Gecko) Chrome/58.0.3029.110 Safari/537.36"
::1 - - [18/May/2017:07:24:08 +0000] "GET /api/orders/getordersofstockarea?userId=055912d0-3a14-11e7-ac9b-6760e6aa9e6c&stockareaId=198a7740-3b8a-11e7-9faf-6bbe2c9d67a3&productId=45632185415 HTTP/1.1" 200 35 "-" "Mozilla/5.0 (Windows NT 10.0; Win64; x64) AppleWebKit/537.36 (KHTML, like Gecko) Chrome/58.0.3029.110 Safari/537.36"
::1 - - [18/May/2017:07:24:53 +0000] "GET /api/orders/getordersofstockarea?userId=055912d0-3a14-11e7-ac9b-6760e6aa9e6c&stockareaId=198a7740-3b8a-11e7-9faf-6bbe2c9d67a3&productId=45632185415 HTTP/1.1" 200 35 "-" "Mozilla/5.0 (Windows NT 10.0; Win64; x64) AppleWebKit/537.36 (KHTML, like Gecko) Chrome/58.0.3029.110 Safari/537.36"
::1 - - [18/May/2017:07:31:45 +0000] "GET /api/orders/getordersofstockarea?userId=055912d0-3a14-11e7-ac9b-6760e6aa9e6c&stockareaId=198a7740-3b8a-11e7-9faf-6bbe2c9d67a3&productId=45632185415 HTTP/1.1" 200 112 "-" "Mozilla/5.0 (Windows NT 10.0; Win64; x64) AppleWebKit/537.36 (KHTML, like Gecko) Chrome/58.0.3029.110 Safari/537.36"
::1 - - [18/May/2017:07:32:25 +0000] "GET /api/orders/getordersofstockarea?userId=055912d0-3a14-11e7-ac9b-6760e6aa9e6c&stockareaId=198a7740-3b8a-11e7-9faf-6bbe2c9d67a3&productId=45632185415 HTTP/1.1" 200 112 "-" "Mozilla/5.0 (Windows NT 10.0; Win64; x64) AppleWebKit/537.36 (KHTML, like Gecko) Chrome/58.0.3029.110 Safari/537.36"
::1 - - [18/May/2017:07:45:26 +0000] "GET /api/orders/getordersofstockarea?userId=055912d0-3a14-11e7-ac9b-6760e6aa9e6c&stockareaId=198a7740-3b8a-11e7-9faf-6bbe2c9d67a3&productId=45632185415 HTTP/1.1" 200 35 "-" "Mozilla/5.0 (Windows NT 10.0; Win64; x64) AppleWebKit/537.36 (KHTML, like Gecko) Chrome/58.0.3029.110 Safari/537.36"
::1 - - [18/May/2017:07:53:03 +0000] "GET /api/orders/getordersofstockarea?userId=055912d0-3a14-11e7-ac9b-6760e6aa9e6c&stockareaId=198a7740-3b8a-11e7-9faf-6bbe2c9d67a3&productId=45632185415 HTTP/1.1" 200 35 "-" "Mozilla/5.0 (Windows NT 10.0; Win64; x64) AppleWebKit/537.36 (KHTML, like Gecko) Chrome/58.0.3029.110 Safari/537.36"
::1 - - [18/May/2017:07:56:48 +0000] "GET /api/orders/getordersofstockarea?userId=055912d0-3a14-11e7-ac9b-6760e6aa9e6c&stockareaId=198a7740-3b8a-11e7-9faf-6bbe2c9d67a3&productId=45632185415 HTTP/1.1" 200 565 "-" "Mozilla/5.0 (Windows NT 10.0; Win64; x64) AppleWebKit/537.36 (KHTML, like Gecko) Chrome/58.0.3029.110 Safari/537.36"
::1 - - [18/May/2017:07:57:51 +0000] "GET /api/orders/getordersofstockarea?userId=055912d0-3a14-11e7-ac9b-6760e6aa9e6c&stockareaId=198a7740-3b8a-11e7-9faf-6bbe2c9d67a3&productId=45632185415 HTTP/1.1" 200 1020 "-" "Mozilla/5.0 (Windows NT 10.0; Win64; x64) AppleWebKit/537.36 (KHTML, like Gecko) Chrome/58.0.3029.110 Safari/537.36"
::1 - - [18/May/2017:08:05:38 +0000] "GET /api/orders/getstockarea?userId=055912d0-3a14-11e7-ac9b-6760e6aa9e6c&stockareaId=198a7740-3b8a-11e7-9faf-6bbe2c9d67a3&productId=45632185415 HTTP/1.1" 404 112 "-" "Mozilla/5.0 (Windows NT 10.0; Win64; x64) AppleWebKit/537.36 (KHTML, like Gecko) Chrome/58.0.3029.110 Safari/537.36"
::1 - - [18/May/2017:08:05:51 +0000] "GET /api/stockarea/getstockarea?userId=055912d0-3a14-11e7-ac9b-6760e6aa9e6c&stockareaId=198a7740-3b8a-11e7-9faf-6bbe2c9d67a3&productId=45632185415 HTTP/1.1" 200 462 "-" "Mozilla/5.0 (Windows NT 10.0; Win64; x64) AppleWebKit/537.36 (KHTML, like Gecko) Chrome/58.0.3029.110 Safari/537.36"
::1 - - [18/May/2017:08:28:45 +0000] "GET /api/orders/getorderdetails?orderId=89327970-3b94-11e7-8b52-87441d740262&stockareaId=198a7740-3b8a-11e7-9faf-6bbe2c9d67a3&productId=45632185415 HTTP/1.1" 200 515 "-" "Mozilla/5.0 (Windows NT 10.0; Win64; x64) AppleWebKit/537.36 (KHTML, like Gecko) Chrome/58.0.3029.110 Safari/537.36"
::1 - - [18/May/2017:08:31:03 +0000] "GET /api/orders/getorderdetails?orderId=89327970-3b94-11e7-8b52-87441d740262&stockareaId=198a7740-3b8a-11e7-9faf-6bbe2c9d67a3&productId=45632185415 HTTP/1.1" 200 721 "-" "Mozilla/5.0 (Windows NT 10.0; Win64; x64) AppleWebKit/537.36 (KHTML, like Gecko) Chrome/58.0.3029.110 Safari/537.36"
::1 - - [18/May/2017:08:33:59 +0000] "GET /api/users/getuser?userId=055912d0-3a14-11e7-ac9b-6760e6aa9e6c&stockareaId=198a7740-3b8a-11e7-9faf-6bbe2c9d67a3&productId=45632185415 HTTP/1.1" 200 0 "-" "Mozilla/5.0 (Windows NT 10.0; Win64; x64) AppleWebKit/537.36 (KHTML, like Gecko) Chrome/58.0.3029.110 Safari/537.36"
::1 - - [18/May/2017:08:34:00 +0000] "GET /api/users/getuser?userId=055912d0-3a14-11e7-ac9b-6760e6aa9e6c&stockareaId=198a7740-3b8a-11e7-9faf-6bbe2c9d67a3&productId=45632185415 HTTP/1.1" 200 0 "-" "Mozilla/5.0 (Windows NT 10.0; Win64; x64) AppleWebKit/537.36 (KHTML, like Gecko) Chrome/58.0.3029.110 Safari/537.36"
::1 - - [18/May/2017:08:34:01 +0000] "GET /api/users/getuser?userId=055912d0-3a14-11e7-ac9b-6760e6aa9e6c&stockareaId=198a7740-3b8a-11e7-9faf-6bbe2c9d67a3&productId=45632185415 HTTP/1.1" 200 0 "-" "Mozilla/5.0 (Windows NT 10.0; Win64; x64) AppleWebKit/537.36 (KHTML, like Gecko) Chrome/58.0.3029.110 Safari/537.36"
::1 - - [18/May/2017:08:41:03 +0000] "GET /api/users/getuser?userId=055912d0-3a14-11e7-ac9b-6760e6aa9e6c&stockareaId=198a7740-3b8a-11e7-9faf-6bbe2c9d67a3&productId=45632185415 HTTP/1.1" 200 0 "-" "Mozilla/5.0 (Windows NT 10.0; Win64; x64) AppleWebKit/537.36 (KHTML, like Gecko) Chrome/58.0.3029.110 Safari/537.36"
::1 - - [18/May/2017:08:41:35 +0000] "GET /api/users/getuser?userId=055912d0-3a14-11e7-ac9b-6760e6aa9e6c&stockareaId=198a7740-3b8a-11e7-9faf-6bbe2c9d67a3&productId=45632185415 HTTP/1.1" 200 432 "-" "Mozilla/5.0 (Windows NT 10.0; Win64; x64) AppleWebKit/537.36 (KHTML, like Gecko) Chrome/58.0.3029.110 Safari/537.36"
::1 - - [18/May/2017:09:45:48 +0000] "POST /api/oauth/token HTTP/1.1" 403 - "-" "Mozilla/5.0 (Windows NT 10.0; Win64; x64) AppleWebKit/537.36 (KHTML, like Gecko) Chrome/58.0.3029.110 Safari/537.36"
::1 - - [18/May/2017:09:46:02 +0000] "POST /api/oauth/token HTTP/1.1" 403 - "-" "Mozilla/5.0 (Windows NT 10.0; Win64; x64) AppleWebKit/537.36 (KHTML, like Gecko) Chrome/58.0.3029.110 Safari/537.36"
::1 - - [18/May/2017:09:46:28 +0000] "POST /api/oauth/token HTTP/1.1" 400 - "-" "Mozilla/5.0 (Windows NT 10.0; Win64; x64) AppleWebKit/537.36 (KHTML, like Gecko) Chrome/58.0.3029.110 Safari/537.36"
::1 - - [18/May/2017:09:47:13 +0000] "POST /api/oauth/token HTTP/1.1" 200 - "-" "Mozilla/5.0 (Windows NT 10.0; Win64; x64) AppleWebKit/537.36 (KHTML, like Gecko) Chrome/58.0.3029.110 Safari/537.36"
::1 - - [18/May/2017:09:47:31 +0000] "POST /api/oauth/token HTTP/1.1" 403 - "-" "Mozilla/5.0 (Windows NT 10.0; Win64; x64) AppleWebKit/537.36 (KHTML, like Gecko) Chrome/58.0.3029.110 Safari/537.36"
::1 - - [18/May/2017:09:55:30 +0000] "GET / HTTP/1.1" 404 112 "-" "Mozilla/5.0 (Windows NT 10.0; Win64; x64) AppleWebKit/537.36 (KHTML, like Gecko) Chrome/58.0.3029.110 Safari/537.36"
::1 - - [18/May/2017:09:55:30 +0000] "GET /api/stockarea/getstockarea?userId=055912d0-3a14-11e7-ac9b-6760e6aa9e6c&stockareaId=198a7740-3b8a-11e7-9faf-6bbe2c9d67a3&productId=45632185415 HTTP/1.1" 401 - "-" "Mozilla/5.0 (Windows NT 10.0; Win64; x64) AppleWebKit/537.36 (KHTML, like Gecko) Chrome/58.0.3029.110 Safari/537.36"
::1 - - [18/May/2017:09:55:30 +0000] "GET / HTTP/1.1" 404 112 "-" "Mozilla/5.0 (Windows NT 10.0; Win64; x64) AppleWebKit/537.36 (KHTML, like Gecko) Chrome/58.0.3029.110 Safari/537.36"
::1 - - [18/May/2017:09:55:32 +0000] "GET /favicon.ico HTTP/1.1" 404 112 "http://localhost/" "Mozilla/5.0 (Windows NT 10.0; Win64; x64) AppleWebKit/537.36 (KHTML, like Gecko) Chrome/58.0.3029.110 Safari/537.36"
::1 - - [18/May/2017:09:58:17 +0000] "GET /api/stockarea/getstockarea?userId=055912d0-3a14-11e7-ac9b-6760e6aa9e6c&stockareaId=198a7740-3b8a-11e7-9faf-6bbe2c9d67a3&productId=45632185415 HTTP/1.1" 401 - "-" "Mozilla/5.0 (Windows NT 10.0; Win64; x64) AppleWebKit/537.36 (KHTML, like Gecko) Chrome/58.0.3029.110 Safari/537.36"
::1 - - [18/May/2017:09:58:18 +0000] "GET /api/stockarea/getstockarea?userId=055912d0-3a14-11e7-ac9b-6760e6aa9e6c&stockareaId=198a7740-3b8a-11e7-9faf-6bbe2c9d67a3&productId=45632185415 HTTP/1.1" 401 - "-" "Mozilla/5.0 (Windows NT 10.0; Win64; x64) AppleWebKit/537.36 (KHTML, like Gecko) Chrome/58.0.3029.110 Safari/537.36"
::1 - - [18/May/2017:09:58:19 +0000] "GET /api/stockarea/getstockarea?userId=055912d0-3a14-11e7-ac9b-6760e6aa9e6c&stockareaId=198a7740-3b8a-11e7-9faf-6bbe2c9d67a3&productId=45632185415 HTTP/1.1" 401 - "-" "Mozilla/5.0 (Windows NT 10.0; Win64; x64) AppleWebKit/537.36 (KHTML, like Gecko) Chrome/58.0.3029.110 Safari/537.36"
::1 - - [18/May/2017:09:58:20 +0000] "GET /api/stockarea/getstockarea?userId=055912d0-3a14-11e7-ac9b-6760e6aa9e6c&stockareaId=198a7740-3b8a-11e7-9faf-6bbe2c9d67a3&productId=45632185415 HTTP/1.1" 401 - "-" "Mozilla/5.0 (Windows NT 10.0; Win64; x64) AppleWebKit/537.36 (KHTML, like Gecko) Chrome/58.0.3029.110 Safari/537.36"
::1 - - [18/May/2017:09:58:21 +0000] "GET /api/stockarea/getstockarea?userId=055912d0-3a14-11e7-ac9b-6760e6aa9e6c&stockareaId=198a7740-3b8a-11e7-9faf-6bbe2c9d67a3&productId=45632185415 HTTP/1.1" 401 - "-" "Mozilla/5.0 (Windows NT 10.0; Win64; x64) AppleWebKit/537.36 (KHTML, like Gecko) Chrome/58.0.3029.110 Safari/537.36"
::1 - - [18/May/2017:09:58:22 +0000] "GET /api/stockarea/getstockarea?userId=055912d0-3a14-11e7-ac9b-6760e6aa9e6c&stockareaId=198a7740-3b8a-11e7-9faf-6bbe2c9d67a3&productId=45632185415 HTTP/1.1" 401 - "-" "Mozilla/5.0 (Windows NT 10.0; Win64; x64) AppleWebKit/537.36 (KHTML, like Gecko) Chrome/58.0.3029.110 Safari/537.36"
::1 - - [18/May/2017:09:58:22 +0000] "GET /api/stockarea/getstockarea?userId=055912d0-3a14-11e7-ac9b-6760e6aa9e6c&stockareaId=198a7740-3b8a-11e7-9faf-6bbe2c9d67a3&productId=45632185415 HTTP/1.1" 401 - "-" "Mozilla/5.0 (Windows NT 10.0; Win64; x64) AppleWebKit/537.36 (KHTML, like Gecko) Chrome/58.0.3029.110 Safari/537.36"
::1 - - [18/May/2017:09:58:23 +0000] "GET /api/stockarea/getstockarea?userId=055912d0-3a14-11e7-ac9b-6760e6aa9e6c&stockareaId=198a7740-3b8a-11e7-9faf-6bbe2c9d67a3&productId=45632185415 HTTP/1.1" 401 - "-" "Mozilla/5.0 (Windows NT 10.0; Win64; x64) AppleWebKit/537.36 (KHTML, like Gecko) Chrome/58.0.3029.110 Safari/537.36"
::1 - - [18/May/2017:09:58:23 +0000] "GET /api/stockarea/getstockarea?userId=055912d0-3a14-11e7-ac9b-6760e6aa9e6c&stockareaId=198a7740-3b8a-11e7-9faf-6bbe2c9d67a3&productId=45632185415 HTTP/1.1" 401 - "-" "Mozilla/5.0 (Windows NT 10.0; Win64; x64) AppleWebKit/537.36 (KHTML, like Gecko) Chrome/58.0.3029.110 Safari/537.36"
::1 - - [18/May/2017:09:58:24 +0000] "GET /api/stockarea/getstockarea?userId=055912d0-3a14-11e7-ac9b-6760e6aa9e6c&stockareaId=198a7740-3b8a-11e7-9faf-6bbe2c9d67a3&productId=45632185415 HTTP/1.1" 401 - "-" "Mozilla/5.0 (Windows NT 10.0; Win64; x64) AppleWebKit/537.36 (KHTML, like Gecko) Chrome/58.0.3029.110 Safari/537.36"
::1 - - [18/May/2017:09:58:25 +0000] "GET /api/stockarea/getstockarea?userId=055912d0-3a14-11e7-ac9b-6760e6aa9e6c&stockareaId=198a7740-3b8a-11e7-9faf-6bbe2c9d67a3&productId=45632185415 HTTP/1.1" 401 - "-" "Mozilla/5.0 (Windows NT 10.0; Win64; x64) AppleWebKit/537.36 (KHTML, like Gecko) Chrome/58.0.3029.110 Safari/537.36"
::1 - - [18/May/2017:09:58:25 +0000] "GET /api/stockarea/getstockarea?userId=055912d0-3a14-11e7-ac9b-6760e6aa9e6c&stockareaId=198a7740-3b8a-11e7-9faf-6bbe2c9d67a3&productId=45632185415 HTTP/1.1" 401 - "-" "Mozilla/5.0 (Windows NT 10.0; Win64; x64) AppleWebKit/537.36 (KHTML, like Gecko) Chrome/58.0.3029.110 Safari/537.36"
::1 - - [18/May/2017:09:58:26 +0000] "GET /api/stockarea/getstockarea?userId=055912d0-3a14-11e7-ac9b-6760e6aa9e6c&stockareaId=198a7740-3b8a-11e7-9faf-6bbe2c9d67a3&productId=45632185415 HTTP/1.1" 401 - "-" "Mozilla/5.0 (Windows NT 10.0; Win64; x64) AppleWebKit/537.36 (KHTML, like Gecko) Chrome/58.0.3029.110 Safari/537.36"
::1 - - [18/May/2017:09:58:26 +0000] "GET /api/stockarea/getstockarea?userId=055912d0-3a14-11e7-ac9b-6760e6aa9e6c&stockareaId=198a7740-3b8a-11e7-9faf-6bbe2c9d67a3&productId=45632185415 HTTP/1.1" 401 - "-" "Mozilla/5.0 (Windows NT 10.0; Win64; x64) AppleWebKit/537.36 (KHTML, like Gecko) Chrome/58.0.3029.110 Safari/537.36"
::1 - - [18/May/2017:09:58:27 +0000] "GET /api/stockarea/getstockarea?userId=055912d0-3a14-11e7-ac9b-6760e6aa9e6c&stockareaId=198a7740-3b8a-11e7-9faf-6bbe2c9d67a3&productId=45632185415 HTTP/1.1" 401 - "-" "Mozilla/5.0 (Windows NT 10.0; Win64; x64) AppleWebKit/537.36 (KHTML, like Gecko) Chrome/58.0.3029.110 Safari/537.36"
::1 - - [18/May/2017:09:58:27 +0000] "GET /api/stockarea/getstockarea?userId=055912d0-3a14-11e7-ac9b-6760e6aa9e6c&stockareaId=198a7740-3b8a-11e7-9faf-6bbe2c9d67a3&productId=45632185415 HTTP/1.1" 401 - "-" "Mozilla/5.0 (Windows NT 10.0; Win64; x64) AppleWebKit/537.36 (KHTML, like Gecko) Chrome/58.0.3029.110 Safari/537.36"
::1 - - [18/May/2017:09:58:28 +0000] "GET /api/stockarea/getstockarea?userId=055912d0-3a14-11e7-ac9b-6760e6aa9e6c&stockareaId=198a7740-3b8a-11e7-9faf-6bbe2c9d67a3&productId=45632185415 HTTP/1.1" 401 - "-" "Mozilla/5.0 (Windows NT 10.0; Win64; x64) AppleWebKit/537.36 (KHTML, like Gecko) Chrome/58.0.3029.110 Safari/537.36"
::1 - - [18/May/2017:09:58:29 +0000] "GET /api/stockarea/getstockarea?userId=055912d0-3a14-11e7-ac9b-6760e6aa9e6c&stockareaId=198a7740-3b8a-11e7-9faf-6bbe2c9d67a3&productId=45632185415 HTTP/1.1" 401 - "-" "Mozilla/5.0 (Windows NT 10.0; Win64; x64) AppleWebKit/537.36 (KHTML, like Gecko) Chrome/58.0.3029.110 Safari/537.36"
::1 - - [18/May/2017:09:58:46 +0000] "GET /api/stockarea/getstockarea?userId=055912d0-3a14-11e7-ac9b-6760e6aa9e6c&stockareaId=198a7740-3b8a-11e7-9faf-6bbe2c9d67a3&productId=45632185415 HTTP/1.1" 401 - "-" "Mozilla/5.0 (Windows NT 10.0; Win64; x64) AppleWebKit/537.36 (KHTML, like Gecko) Chrome/58.0.3029.110 Safari/537.36"
::1 - - [18/May/2017:09:58:46 +0000] "GET /api/stockarea/getstockarea?userId=055912d0-3a14-11e7-ac9b-6760e6aa9e6c&stockareaId=198a7740-3b8a-11e7-9faf-6bbe2c9d67a3&productId=45632185415 HTTP/1.1" 401 - "-" "Mozilla/5.0 (Windows NT 10.0; Win64; x64) AppleWebKit/537.36 (KHTML, like Gecko) Chrome/58.0.3029.110 Safari/537.36"
::1 - - [18/May/2017:09:58:47 +0000] "GET /api/stockarea/getstockarea?userId=055912d0-3a14-11e7-ac9b-6760e6aa9e6c&stockareaId=198a7740-3b8a-11e7-9faf-6bbe2c9d67a3&productId=45632185415 HTTP/1.1" 401 - "-" "Mozilla/5.0 (Windows NT 10.0; Win64; x64) AppleWebKit/537.36 (KHTML, like Gecko) Chrome/58.0.3029.110 Safari/537.36"
::1 - - [18/May/2017:09:58:48 +0000] "GET /api/stockarea/getstockarea?userId=055912d0-3a14-11e7-ac9b-6760e6aa9e6c&stockareaId=198a7740-3b8a-11e7-9faf-6bbe2c9d67a3&productId=45632185415 HTTP/1.1" 401 - "-" "Mozilla/5.0 (Windows NT 10.0; Win64; x64) AppleWebKit/537.36 (KHTML, like Gecko) Chrome/58.0.3029.110 Safari/537.36"
::1 - - [18/May/2017:10:00:14 +0000] "GET /api/stockarea/getstockarea?userId=055912d0-3a14-11e7-ac9b-6760e6aa9e6c&stockareaId=198a7740-3b8a-11e7-9faf-6bbe2c9d67a3&productId=45632185415 HTTP/1.1" 401 - "-" "Mozilla/5.0 (Windows NT 10.0; Win64; x64) AppleWebKit/537.36 (KHTML, like Gecko) Chrome/58.0.3029.110 Safari/537.36"
::1 - - [18/May/2017:10:00:19 +0000] "POST /api/oauth/token HTTP/1.1" 403 - "-" "Mozilla/5.0 (Windows NT 10.0; Win64; x64) AppleWebKit/537.36 (KHTML, like Gecko) Chrome/58.0.3029.110 Safari/537.36"
::1 - - [18/May/2017:10:00:31 +0000] "POST /api/oauth/token HTTP/1.1" 200 - "-" "Mozilla/5.0 (Windows NT 10.0; Win64; x64) AppleWebKit/537.36 (KHTML, like Gecko) Chrome/58.0.3029.110 Safari/537.36"
::1 - - [18/May/2017:10:00:41 +0000] "GET /api/stockarea/getstockarea?userId=055912d0-3a14-11e7-ac9b-6760e6aa9e6c&stockareaId=198a7740-3b8a-11e7-9faf-6bbe2c9d67a3&productId=45632185415 HTTP/1.1" 401 - "-" "Mozilla/5.0 (Windows NT 10.0; Win64; x64) AppleWebKit/537.36 (KHTML, like Gecko) Chrome/58.0.3029.110 Safari/537.36"
::1 - - [18/May/2017:10:03:01 +0000] "GET /api/stockarea/getstockarea?userId=055912d0-3a14-11e7-ac9b-6760e6aa9e6c&stockareaId=198a7740-3b8a-11e7-9faf-6bbe2c9d67a3&productId=45632185415 HTTP/1.1" 200 462 "-" "Mozilla/5.0 (Windows NT 10.0; Win64; x64) AppleWebKit/537.36 (KHTML, like Gecko) Chrome/58.0.3029.110 Safari/537.36"
::1 - - [18/May/2017:10:03:27 +0000] "GET /api/stockarea/getstockareas?userId=055912d0-3a14-11e7-ac9b-6760e6aa9e6c&stockareaId=198a7740-3b8a-11e7-9faf-6bbe2c9d67a3&productId=45632185415 HTTP/1.1" 200 959 "-" "Mozilla/5.0 (Windows NT 10.0; Win64; x64) AppleWebKit/537.36 (KHTML, like Gecko) Chrome/58.0.3029.110 Safari/537.36"
::1 - - [18/May/2017:10:04:02 +0000] "GET /api/stockarea/getproductinfoforstockarea?userId=055912d0-3a14-11e7-ac9b-6760e6aa9e6c&stockareaId=198a7740-3b8a-11e7-9faf-6bbe2c9d67a3&productId=45632185415 HTTP/1.1" 200 874 "-" "Mozilla/5.0 (Windows NT 10.0; Win64; x64) AppleWebKit/537.36 (KHTML, like Gecko) Chrome/58.0.3029.110 Safari/537.36"
::1 - - [18/May/2017:10:04:46 +0000] "GET /api/stockarea/getproductsofstockarea?userId=055912d0-3a14-11e7-ac9b-6760e6aa9e6c&stockareaId=198a7740-3b8a-11e7-9faf-6bbe2c9d67a3&productId=45632185415 HTTP/1.1" 200 1387 "-" "Mozilla/5.0 (Windows NT 10.0; Win64; x64) AppleWebKit/537.36 (KHTML, like Gecko) Chrome/58.0.3029.110 Safari/537.36"
::1 - - [18/May/2017:10:07:14 +0000] "GET /api/orders/getordersofstockarea?userId=055912d0-3a14-11e7-ac9b-6760e6aa9e6c&stockareaId=198a7740-3b8a-11e7-9faf-6bbe2c9d67a3&productId=45632185415 HTTP/1.1" 200 1530 "-" "Mozilla/5.0 (Windows NT 10.0; Win64; x64) AppleWebKit/537.36 (KHTML, like Gecko) Chrome/58.0.3029.110 Safari/537.36"
::1 - - [18/May/2017:10:07:58 +0000] "GET /api/orders/getstockarea?userId=055912d0-3a14-11e7-ac9b-6760e6aa9e6c&stockareaId=198a7740-3b8a-11e7-9faf-6bbe2c9d67a3&productId=45632185415 HTTP/1.1" 404 112 "-" "Mozilla/5.0 (Windows NT 10.0; Win64; x64) AppleWebKit/537.36 (KHTML, like Gecko) Chrome/58.0.3029.110 Safari/537.36"
::1 - - [18/May/2017:10:08:09 +0000] "GET /api/stockarea/getstockarea?userId=055912d0-3a14-11e7-ac9b-6760e6aa9e6c&stockareaId=198a7740-3b8a-11e7-9faf-6bbe2c9d67a3&productId=45632185415 HTTP/1.1" 200 462 "-" "Mozilla/5.0 (Windows NT 10.0; Win64; x64) AppleWebKit/537.36 (KHTML, like Gecko) Chrome/58.0.3029.110 Safari/537.36"
::1 - - [18/May/2017:10:09:49 +0000] "GET /api/orders/getorderdetails?userId=055912d0-3a14-11e7-ac9b-6760e6aa9e6c&stockareaId=198a7740-3b8a-11e7-9faf-6bbe2c9d67a3&productId=45632185415&orderId=89327970-3b94-11e7-8b52-87441d740262 HTTP/1.1" 200 801 "-" "Mozilla/5.0 (Windows NT 10.0; Win64; x64) AppleWebKit/537.36 (KHTML, like Gecko) Chrome/58.0.3029.110 Safari/537.36"
::1 - - [18/May/2017:10:10:59 +0000] "GET /api/products/autocomplete?userId=055912d0-3a14-11e7-ac9b-6760e6aa9e6c&stockareaId=198a7740-3b8a-11e7-9faf-6bbe2c9d67a3&productId=45632185415&orderId=89327970-3b94-11e7-8b52-87441d740262&productName=cem HTTP/1.1" 404 112 "-" "Mozilla/5.0 (Windows NT 10.0; Win64; x64) AppleWebKit/537.36 (KHTML, like Gecko) Chrome/58.0.3029.110 Safari/537.36"
::1 - - [18/May/2017:10:11:36 +0000] "GET /api/product/autocomplete?userId=055912d0-3a14-11e7-ac9b-6760e6aa9e6c&stockareaId=198a7740-3b8a-11e7-9faf-6bbe2c9d67a3&productId=45632185415&orderId=89327970-3b94-11e7-8b52-87441d740262&productName=cem HTTP/1.1" 200 542 "-" "Mozilla/5.0 (Windows NT 10.0; Win64; x64) AppleWebKit/537.36 (KHTML, like Gecko) Chrome/58.0.3029.110 Safari/537.36"
::1 - - [18/May/2017:10:12:27 +0000] "GET /api/users/getuser?userId=055912d0-3a14-11e7-ac9b-6760e6aa9e6c&stockareaId=198a7740-3b8a-11e7-9faf-6bbe2c9d67a3&productId=45632185415&orderId=89327970-3b94-11e7-8b52-87441d740262&productName=cem HTTP/1.1" 200 432 "-" "Mozilla/5.0 (Windows NT 10.0; Win64; x64) AppleWebKit/537.36 (KHTML, like Gecko) Chrome/58.0.3029.110 Safari/537.36"
::1 - - [18/May/2017:10:25:40 +0000] "GET /api/token/checktoken?userId=055912d0-3a14-11e7-ac9b-6760e6aa9e6c&stockareaId=198a7740-3b8a-11e7-9faf-6bbe2c9d67a3&productId=45632185415&orderId=89327970-3b94-11e7-8b52-87441d740262&productName=cem&access_token=cd664936f83727a32c262b47973bcd5040332540acb41e4284e7acf4d1fd2e41 HTTP/1.1" 404 112 "-" "Mozilla/5.0 (Windows NT 10.0; Win64; x64) AppleWebKit/537.36 (KHTML, like Gecko) Chrome/58.0.3029.110 Safari/537.36"
::1 - - [18/May/2017:10:25:57 +0000] "GET /api/token/checktoken?userId=055912d0-3a14-11e7-ac9b-6760e6aa9e6c&stockareaId=198a7740-3b8a-11e7-9faf-6bbe2c9d67a3&productId=45632185415&orderId=89327970-3b94-11e7-8b52-87441d740262&productName=cem&access_token=cd664936f83727a32c262b47973bcd5040332540acb41e4284e7acf4d1fd2e41 HTTP/1.1" 200 54 "-" "Mozilla/5.0 (Windows NT 10.0; Win64; x64) AppleWebKit/537.36 (KHTML, like Gecko) Chrome/58.0.3029.110 Safari/537.36"
::1 - - [18/May/2017:10:27:41 +0000] "GET /api/product/getproductinfobyid?userId=055912d0-3a14-11e7-ac9b-6760e6aa9e6c&stockareaId=198a7740-3b8a-11e7-9faf-6bbe2c9d67a3&productId=45632185415&orderId=89327970-3b94-11e7-8b52-87441d740262&productName=cem&access_token=cd664936f83727a32c262b47973bcd5040332540acb41e4284e7acf4d1fd2e41 HTTP/1.1" 400 - "-" "Mozilla/5.0 (Windows NT 10.0; Win64; x64) AppleWebKit/537.36 (KHTML, like Gecko) Chrome/58.0.3029.110 Safari/537.36"
::1 - - [18/May/2017:10:30:33 +0000] "GET /api/orders/getordersbyproductinstockarea?userId=055912d0-3a14-11e7-ac9b-6760e6aa9e6c&stockareaId=198a7740-3b8a-11e7-9faf-6bbe2c9d67a3&productId=45632185415&orderId=89327970-3b94-11e7-8b52-87441d740262&productName=cem&access_token=cd664936f83727a32c262b47973bcd5040332540acb41e4284e7acf4d1fd2e41 HTTP/1.1" 400 - "-" "Mozilla/5.0 (Windows NT 10.0; Win64; x64) AppleWebKit/537.36 (KHTML, like Gecko) Chrome/58.0.3029.110 Safari/537.36"
::1 - - [18/May/2017:10:31:19 +0000] "GET /api/orders/getordersbyproductinstockarea?userId=055912d0-3a14-11e7-ac9b-6760e6aa9e6c&stockareaId=198a7740-3b8a-11e7-9faf-6bbe2c9d67a3&productId=45632185415&orderId=89327970-3b94-11e7-8b52-87441d740262&productName=cem&access_token=cd664936f83727a32c262b47973bcd5040332540acb41e4284e7acf4d1fd2e41 HTTP/1.1" 400 - "-" "Mozilla/5.0 (Windows NT 10.0; Win64; x64) AppleWebKit/537.36 (KHTML, like Gecko) Chrome/58.0.3029.110 Safari/537.36"
::1 - - [18/May/2017:10:31:30 +0000] "GET /api/orders/getordersbyproductinstockarea?userId=055912d0-3a14-11e7-ac9b-6760e6aa9e6c&stockareaId=198a7740-3b8a-11e7-9faf-6bbe2c9d67a3&productId=45632185415&orderId=89327970-3b94-11e7-8b52-87441d740262 HTTP/1.1" 200 851 "-" "Mozilla/5.0 (Windows NT 10.0; Win64; x64) AppleWebKit/537.36 (KHTML, like Gecko) Chrome/58.0.3029.110 Safari/537.36"
::1 - - [18/May/2017:10:32:28 +0000] "GET /api/orders/getdestinationsforproduct?userId=055912d0-3a14-11e7-ac9b-6760e6aa9e6c&stockareaId=198a7740-3b8a-11e7-9faf-6bbe2c9d67a3&productId=45632185415&orderId=89327970-3b94-11e7-8b52-87441d740262 HTTP/1.1" 500 57 "-" "Mozilla/5.0 (Windows NT 10.0; Win64; x64) AppleWebKit/537.36 (KHTML, like Gecko) Chrome/58.0.3029.110 Safari/537.36"
::1 - - [18/May/2017:10:47:28 +0000] "GET /api/orders/getdestinationsforproduct?userId=055912d0-3a14-11e7-ac9b-6760e6aa9e6c&stockareaId=198a7740-3b8a-11e7-9faf-6bbe2c9d67a3&productId=45632185415&orderId=89327970-3b94-11e7-8b52-87441d740262 HTTP/1.1" 200 82 "-" "Mozilla/5.0 (Windows NT 10.0; Win64; x64) AppleWebKit/537.36 (KHTML, like Gecko) Chrome/58.0.3029.110 Safari/537.36"
::1 - - [18/May/2017:10:48:04 +0000] "GET /api/orders/getdestinationsforproduct?userId=055912d0-3a14-11e7-ac9b-6760e6aa9e6c&stockareaId=198a7740-3b8a-11e7-9faf-6bbe2c9d67a3&productId=45632185415&orderId=89327970-3b94-11e7-8b52-87441d740262 HTTP/1.1" 200 82 "-" "Mozilla/5.0 (Windows NT 10.0; Win64; x64) AppleWebKit/537.36 (KHTML, like Gecko) Chrome/58.0.3029.110 Safari/537.36"
::1 - - [18/May/2017:10:48:59 +0000] "GET /api/orders/getdestinationsforproduct?userId=055912d0-3a14-11e7-ac9b-6760e6aa9e6c&stockareaId=198a7740-3b8a-11e7-9faf-6bbe2c9d67a3&productId=45632185415&orderId=89327970-3b94-11e7-8b52-87441d740262 HTTP/1.1" 200 82 "-" "Mozilla/5.0 (Windows NT 10.0; Win64; x64) AppleWebKit/537.36 (KHTML, like Gecko) Chrome/58.0.3029.110 Safari/537.36"
::1 - - [18/May/2017:10:52:21 +0000] "GET /api/orders/getdestinationsforproduct?userId=055912d0-3a14-11e7-ac9b-6760e6aa9e6c&stockareaId=198a7740-3b8a-11e7-9faf-6bbe2c9d67a3&productId=45632185415&orderId=89327970-3b94-11e7-8b52-87441d740262 HTTP/1.1" 200 82 "-" "Mozilla/5.0 (Windows NT 10.0; Win64; x64) AppleWebKit/537.36 (KHTML, like Gecko) Chrome/58.0.3029.110 Safari/537.36"
::1 - - [18/May/2017:10:53:13 +0000] "GET /api/orders/getdestinationsforproduct?userId=055912d0-3a14-11e7-ac9b-6760e6aa9e6c&stockareaId=198a7740-3b8a-11e7-9faf-6bbe2c9d67a3&productId=45632185415&orderId=89327970-3b94-11e7-8b52-87441d740262 HTTP/1.1" 200 82 "-" "Mozilla/5.0 (Windows NT 10.0; Win64; x64) AppleWebKit/537.36 (KHTML, like Gecko) Chrome/58.0.3029.110 Safari/537.36"
::1 - - [18/May/2017:10:55:14 +0000] "GET /api/orders/getdestinationsforproduct?userId=055912d0-3a14-11e7-ac9b-6760e6aa9e6c&stockareaId=198a7740-3b8a-11e7-9faf-6bbe2c9d67a3&productId=45632185415&orderId=89327970-3b94-11e7-8b52-87441d740262 HTTP/1.1" 200 2 "-" "Mozilla/5.0 (Windows NT 10.0; Win64; x64) AppleWebKit/537.36 (KHTML, like Gecko) Chrome/58.0.3029.110 Safari/537.36"
::1 - - [18/May/2017:10:57:41 +0000] "GET /api/orders/getdestinationsforproduct?userId=055912d0-3a14-11e7-ac9b-6760e6aa9e6c&stockareaId=198a7740-3b8a-11e7-9faf-6bbe2c9d67a3&productId=45632185415&orderId=89327970-3b94-11e7-8b52-87441d740262 HTTP/1.1" 200 2 "-" "Mozilla/5.0 (Windows NT 10.0; Win64; x64) AppleWebKit/537.36 (KHTML, like Gecko) Chrome/58.0.3029.110 Safari/537.36"
::1 - - [18/May/2017:10:58:23 +0000] "GET /api/orders/getdestinationsforproduct?userId=055912d0-3a14-11e7-ac9b-6760e6aa9e6c&stockareaId=198a7740-3b8a-11e7-9faf-6bbe2c9d67a3&productId=45632185415&orderId=89327970-3b94-11e7-8b52-87441d740262 HTTP/1.1" 200 2 "-" "Mozilla/5.0 (Windows NT 10.0; Win64; x64) AppleWebKit/537.36 (KHTML, like Gecko) Chrome/58.0.3029.110 Safari/537.36"
::1 - - [18/May/2017:10:59:03 +0000] "GET /api/orders/getdestinationsforproduct?userId=055912d0-3a14-11e7-ac9b-6760e6aa9e6c&stockareaId=198a7740-3b8a-11e7-9faf-6bbe2c9d67a3&productId=45632185415&orderId=89327970-3b94-11e7-8b52-87441d740262 HTTP/1.1" 200 2 "-" "Mozilla/5.0 (Windows NT 10.0; Win64; x64) AppleWebKit/537.36 (KHTML, like Gecko) Chrome/58.0.3029.110 Safari/537.36"
::1 - - [18/May/2017:11:06:00 +0000] "GET /api/orders/getdestinationsforproduct?userId=055912d0-3a14-11e7-ac9b-6760e6aa9e6c&stockareaId=198a7740-3b8a-11e7-9faf-6bbe2c9d67a3&productId=45632185415&orderId=89327970-3b94-11e7-8b52-87441d740262 HTTP/1.1" 200 382 "-" "Mozilla/5.0 (Windows NT 10.0; Win64; x64) AppleWebKit/537.36 (KHTML, like Gecko) Chrome/58.0.3029.110 Safari/537.36"
::1 - - [18/May/2017:11:06:33 +0000] "GET /api/orders/getdestinationsforproduct?userId=055912d0-3a14-11e7-ac9b-6760e6aa9e6c&stockareaId=198a7740-3b8a-11e7-9faf-6bbe2c9d67a3&productId=45632185415&orderId=89327970-3b94-11e7-8b52-87441d740262 HTTP/1.1" 200 462 "-" "Mozilla/5.0 (Windows NT 10.0; Win64; x64) AppleWebKit/537.36 (KHTML, like Gecko) Chrome/58.0.3029.110 Safari/537.36"
::1 - - [18/May/2017:11:07:21 +0000] "GET /api/sell/getsellbyproductsinstockarea?userId=055912d0-3a14-11e7-ac9b-6760e6aa9e6c&stockareaId=198a7740-3b8a-11e7-9faf-6bbe2c9d67a3&productId=45632185415&orderId=89327970-3b94-11e7-8b52-87441d740262 HTTP/1.1" 200 601 "-" "Mozilla/5.0 (Windows NT 10.0; Win64; x64) AppleWebKit/537.36 (KHTML, like Gecko) Chrome/58.0.3029.110 Safari/537.36"
::1 - - [18/May/2017:11:08:28 +0000] "GET /api/sell/getsellinfo?userId=055912d0-3a14-11e7-ac9b-6760e6aa9e6c&stockareaId=198a7740-3b8a-11e7-9faf-6bbe2c9d67a3&productId=45632185415&orderId=89327970-3b94-11e7-8b52-87441d740262&sellId=ea526870-3b93-11e7-bb0a-814c3c73d12d HTTP/1.1" 200 599 "-" "Mozilla/5.0 (Windows NT 10.0; Win64; x64) AppleWebKit/537.36 (KHTML, like Gecko) Chrome/58.0.3029.110 Safari/537.36"
